<?xml version="1.0" encoding="UTF-8"?>
<coverage generated="1642609978968" clover="3.2.0">
  <project timestamp="1642609978968" name="All files">
    <metrics statements="35" coveredstatements="35" conditionals="8" coveredconditionals="8" methods="18" coveredmethods="18" elements="61" coveredelements="61" complexity="0" loc="35" ncloc="35" packages="1" files="2" classes="2"/>
    <file name="breakpoints.js" path="/Users/aharvey@prontoforms.com/dev/aharvey/theme-responsively/src/breakpoints.js">
      <metrics statements="13" coveredstatements="13" conditionals="8" coveredconditionals="8" methods="7" coveredmethods="7"/>
      <line num="24" count="2" type="stmt"/>
      <line num="25" count="19" type="cond" truecount="4" falsecount="0"/>
      <line num="26" count="6" type="stmt"/>
      <line num="29" count="13" type="cond" truecount="2" falsecount="0"/>
      <line num="30" count="6" type="stmt"/>
      <line num="33" count="7" type="cond" truecount="2" falsecount="0"/>
      <line num="34" count="6" type="stmt"/>
      <line num="37" count="1" type="stmt"/>
      <line num="40" count="35" type="stmt"/>
      <line num="46" count="10" type="stmt"/>
      <line num="47" count="10" type="stmt"/>
      <line num="48" count="35" type="stmt"/>
      <line num="49" count="35" type="stmt"/>
    </file>
    <file name="themedQuery.js" path="/Users/aharvey@prontoforms.com/dev/aharvey/theme-responsively/src/themedQuery.js">
      <metrics statements="22" coveredstatements="22" conditionals="0" coveredconditionals="0" methods="11" coveredmethods="11"/>
      <line num="67" count="1" type="stmt"/>
      <line num="68" count="15" type="stmt"/>
      <line num="70" count="15" type="stmt"/>
      <line num="71" count="36" type="stmt"/>
      <line num="74" count="87" type="stmt"/>
      <line num="77" count="1" type="stmt"/>
      <line num="78" count="5" type="stmt"/>
      <line num="80" count="5" type="stmt"/>
      <line num="81" count="15" type="stmt"/>
      <line num="82" count="15" type="stmt"/>
      <line num="85" count="5" type="stmt"/>
      <line num="86" count="36" type="stmt"/>
      <line num="87" count="15" type="stmt"/>
      <line num="97" count="8" type="stmt"/>
      <line num="100" count="5" type="stmt"/>
      <line num="102" count="5" type="stmt"/>
      <line num="104" count="15" type="stmt"/>
      <line num="105" count="15" type="stmt"/>
      <line num="110" count="5" type="stmt"/>
      <line num="112" count="5" type="stmt"/>
      <line num="113" count="15" type="stmt"/>
      <line num="118" count="5" type="stmt"/>
    </file>
  </project>
</coverage>
