{"/mnt/c/dev/abharvey/styled-breakpoints/breakpoints.js": {"path":"/mnt/c/dev/abharvey/styled-breakpoints/breakpoints.js","statementMap":{"0":{"start":{"line":25,"column":19},"end":{"line":39,"column":1}},"1":{"start":{"line":26,"column":4},"end":{"line":28,"column":5}},"2":{"start":{"line":27,"column":8},"end":{"line":27,"column":79}},"3":{"start":{"line":30,"column":4},"end":{"line":32,"column":5}},"4":{"start":{"line":31,"column":8},"end":{"line":31,"column":46}},"5":{"start":{"line":34,"column":4},"end":{"line":36,"column":5}},"6":{"start":{"line":35,"column":8},"end":{"line":35,"column":46}},"7":{"start":{"line":38,"column":4},"end":{"line":38,"column":14}},"8":{"start":{"line":41,"column":27},"end":{"line":45,"column":1}},"9":{"start":{"line":41,"column":40},"end":{"line":45,"column":1}},"10":{"start":{"line":41,"column":58},"end":{"line":45,"column":1}},"11":{"start":{"line":41,"column":71},"end":{"line":45,"column":1}},"12":{"start":{"line":47,"column":24},"end":{"line":50,"column":6}},"13":{"start":{"line":47,"column":37},"end":{"line":50,"column":6}},"14":{"start":{"line":47,"column":59},"end":{"line":50,"column":6}},"15":{"start":{"line":48,"column":4},"end":{"line":48,"column":66}},"16":{"start":{"line":49,"column":4},"end":{"line":49,"column":17}}},"fnMap":{"0":{"name":"(anonymous_0)","decl":{"start":{"line":25,"column":19},"end":{"line":25,"column":20}},"loc":{"start":{"line":25,"column":37},"end":{"line":39,"column":1}},"line":25},"1":{"name":"(anonymous_1)","decl":{"start":{"line":41,"column":27},"end":{"line":41,"column":28}},"loc":{"start":{"line":41,"column":40},"end":{"line":45,"column":1}},"line":41},"2":{"name":"(anonymous_2)","decl":{"start":{"line":41,"column":40},"end":{"line":41,"column":41}},"loc":{"start":{"line":41,"column":58},"end":{"line":45,"column":1}},"line":41},"3":{"name":"(anonymous_3)","decl":{"start":{"line":41,"column":58},"end":{"line":41,"column":59}},"loc":{"start":{"line":41,"column":71},"end":{"line":45,"column":1}},"line":41},"4":{"name":"(anonymous_4)","decl":{"start":{"line":47,"column":24},"end":{"line":47,"column":25}},"loc":{"start":{"line":47,"column":37},"end":{"line":50,"column":6}},"line":47},"5":{"name":"(anonymous_5)","decl":{"start":{"line":47,"column":37},"end":{"line":47,"column":38}},"loc":{"start":{"line":47,"column":59},"end":{"line":50,"column":6}},"line":47},"6":{"name":"(anonymous_6)","decl":{"start":{"line":47,"column":96},"end":{"line":47,"column":97}},"loc":{"start":{"line":47,"column":111},"end":{"line":50,"column":1}},"line":47}},"branchMap":{"0":{"loc":{"start":{"line":26,"column":4},"end":{"line":28,"column":5}},"type":"if","locations":[{"start":{"line":26,"column":4},"end":{"line":28,"column":5}},{"start":{"line":26,"column":4},"end":{"line":28,"column":5}}],"line":26},"1":{"loc":{"start":{"line":26,"column":8},"end":{"line":26,"column":18}},"type":"binary-expr","locations":[{"start":{"line":26,"column":8},"end":{"line":26,"column":11}},{"start":{"line":26,"column":15},"end":{"line":26,"column":18}}],"line":26},"2":{"loc":{"start":{"line":30,"column":4},"end":{"line":32,"column":5}},"type":"if","locations":[{"start":{"line":30,"column":4},"end":{"line":32,"column":5}},{"start":{"line":30,"column":4},"end":{"line":32,"column":5}}],"line":30},"3":{"loc":{"start":{"line":34,"column":4},"end":{"line":36,"column":5}},"type":"if","locations":[{"start":{"line":34,"column":4},"end":{"line":36,"column":5}},{"start":{"line":34,"column":4},"end":{"line":36,"column":5}}],"line":34}},"s":{"0":1,"1":4,"2":1,"3":3,"4":1,"5":2,"6":1,"7":1,"8":1,"9":20,"10":20,"11":4,"12":1,"13":5,"14":5,"15":20,"16":20},"f":{"0":4,"1":20,"2":20,"3":4,"4":5,"5":5,"6":20},"b":{"0":[1,3],"1":[4,2],"2":[1,2],"3":[1,1]},"_coverageSchema":"332fd63041d2c1bcb487cc26dd0d5f7d97098a6c","hash":"974986da1a6f28a9f0e61b88b3f46034dd3ebaec"}
}
