{"/Users/aharvey@prontoforms.com/dev/aharvey/theme-responsively/src/breakpoints.js": {"path":"/Users/aharvey@prontoforms.com/dev/aharvey/theme-responsively/src/breakpoints.js","statementMap":{"0":{"start":{"line":24,"column":19},"end":{"line":38,"column":1}},"1":{"start":{"line":25,"column":4},"end":{"line":27,"column":5}},"2":{"start":{"line":26,"column":8},"end":{"line":26,"column":80}},"3":{"start":{"line":29,"column":4},"end":{"line":31,"column":5}},"4":{"start":{"line":30,"column":8},"end":{"line":30,"column":46}},"5":{"start":{"line":33,"column":4},"end":{"line":35,"column":5}},"6":{"start":{"line":34,"column":8},"end":{"line":34,"column":46}},"7":{"start":{"line":37,"column":4},"end":{"line":37,"column":14}},"8":{"start":{"line":40,"column":27},"end":{"line":44,"column":1}},"9":{"start":{"line":40,"column":38},"end":{"line":44,"column":1}},"10":{"start":{"line":40,"column":56},"end":{"line":44,"column":1}},"11":{"start":{"line":40,"column":69},"end":{"line":44,"column":1}},"12":{"start":{"line":46,"column":24},"end":{"line":50,"column":10}},"13":{"start":{"line":46,"column":35},"end":{"line":50,"column":10}},"14":{"start":{"line":47,"column":4},"end":{"line":50,"column":10}},"15":{"start":{"line":48,"column":8},"end":{"line":48,"column":70}},"16":{"start":{"line":49,"column":8},"end":{"line":49,"column":21}}},"fnMap":{"0":{"name":"(anonymous_0)","decl":{"start":{"line":24,"column":19},"end":{"line":24,"column":20}},"loc":{"start":{"line":24,"column":37},"end":{"line":38,"column":1}},"line":24},"1":{"name":"(anonymous_1)","decl":{"start":{"line":40,"column":27},"end":{"line":40,"column":28}},"loc":{"start":{"line":40,"column":38},"end":{"line":44,"column":1}},"line":40},"2":{"name":"(anonymous_2)","decl":{"start":{"line":40,"column":38},"end":{"line":40,"column":39}},"loc":{"start":{"line":40,"column":56},"end":{"line":44,"column":1}},"line":40},"3":{"name":"(anonymous_3)","decl":{"start":{"line":40,"column":56},"end":{"line":40,"column":57}},"loc":{"start":{"line":40,"column":69},"end":{"line":44,"column":1}},"line":40},"4":{"name":"(anonymous_4)","decl":{"start":{"line":46,"column":24},"end":{"line":46,"column":25}},"loc":{"start":{"line":46,"column":35},"end":{"line":50,"column":10}},"line":46},"5":{"name":"(anonymous_5)","decl":{"start":{"line":46,"column":35},"end":{"line":46,"column":36}},"loc":{"start":{"line":47,"column":4},"end":{"line":50,"column":10}},"line":47},"6":{"name":"(anonymous_6)","decl":{"start":{"line":47,"column":41},"end":{"line":47,"column":42}},"loc":{"start":{"line":47,"column":56},"end":{"line":50,"column":5}},"line":47}},"branchMap":{"0":{"loc":{"start":{"line":25,"column":4},"end":{"line":27,"column":5}},"type":"if","locations":[{"start":{"line":25,"column":4},"end":{"line":27,"column":5}},{"start":{"line":25,"column":4},"end":{"line":27,"column":5}}],"line":25},"1":{"loc":{"start":{"line":25,"column":8},"end":{"line":25,"column":18}},"type":"binary-expr","locations":[{"start":{"line":25,"column":8},"end":{"line":25,"column":11}},{"start":{"line":25,"column":15},"end":{"line":25,"column":18}}],"line":25},"2":{"loc":{"start":{"line":29,"column":4},"end":{"line":31,"column":5}},"type":"if","locations":[{"start":{"line":29,"column":4},"end":{"line":31,"column":5}},{"start":{"line":29,"column":4},"end":{"line":31,"column":5}}],"line":29},"3":{"loc":{"start":{"line":33,"column":4},"end":{"line":35,"column":5}},"type":"if","locations":[{"start":{"line":33,"column":4},"end":{"line":35,"column":5}},{"start":{"line":33,"column":4},"end":{"line":35,"column":5}}],"line":33}},"s":{"0":2,"1":19,"2":6,"3":13,"4":6,"5":7,"6":6,"7":1,"8":2,"9":35,"10":35,"11":19,"12":2,"13":10,"14":10,"15":35,"16":35},"f":{"0":19,"1":35,"2":35,"3":19,"4":10,"5":10,"6":35},"b":{"0":[6,13],"1":[19,12],"2":[6,7],"3":[6,1]},"_coverageSchema":"43e27e138ebf9cfc5966b082cf9a028302ed4184","hash":"fea87ce52f707fdaafa27276bcaaccb203e6dbe0"}
,"/Users/aharvey@prontoforms.com/dev/aharvey/theme-responsively/src/themedQuery.js": {"path":"/Users/aharvey@prontoforms.com/dev/aharvey/theme-responsively/src/themedQuery.js","statementMap":{"0":{"start":{"line":67,"column":17},"end":{"line":75,"column":1}},"1":{"start":{"line":68,"column":19},"end":{"line":68,"column":34}},"2":{"start":{"line":70,"column":4},"end":{"line":72,"column":5}},"3":{"start":{"line":70,"column":17},"end":{"line":70,"column":18}},"4":{"start":{"line":70,"column":26},"end":{"line":70,"column":40}},"5":{"start":{"line":71,"column":8},"end":{"line":71,"column":51}},"6":{"start":{"line":74,"column":4},"end":{"line":74,"column":59}},"7":{"start":{"line":74,"column":39},"end":{"line":74,"column":53}},"8":{"start":{"line":77,"column":32},"end":{"line":89,"column":1}},"9":{"start":{"line":78,"column":23},"end":{"line":78,"column":41}},"10":{"start":{"line":80,"column":21},"end":{"line":83,"column":10}},"11":{"start":{"line":81,"column":8},"end":{"line":81,"column":59}},"12":{"start":{"line":82,"column":8},"end":{"line":82,"column":27}},"13":{"start":{"line":85,"column":4},"end":{"line":88,"column":11}},"14":{"start":{"line":86,"column":8},"end":{"line":86,"column":80}},"15":{"start":{"line":86,"column":56},"end":{"line":86,"column":78}},"16":{"start":{"line":87,"column":8},"end":{"line":87,"column":33}},"17":{"start":{"line":97,"column":26},"end":{"line":119,"column":1}},"18":{"start":{"line":97,"column":50},"end":{"line":119,"column":1}},"19":{"start":{"line":100,"column":23},"end":{"line":100,"column":41}},"20":{"start":{"line":102,"column":24},"end":{"line":107,"column":5}},"21":{"start":{"line":104,"column":12},"end":{"line":104,"column":48}},"22":{"start":{"line":105,"column":12},"end":{"line":105,"column":23}},"23":{"start":{"line":110,"column":28},"end":{"line":110,"column":80}},"24":{"start":{"line":112,"column":16},"end":{"line":116,"column":6}},"25":{"start":{"line":113,"column":8},"end":{"line":115,"column":12}},"26":{"start":{"line":118,"column":4},"end":{"line":118,"column":27}}},"fnMap":{"0":{"name":"(anonymous_0)","decl":{"start":{"line":67,"column":17},"end":{"line":67,"column":18}},"loc":{"start":{"line":67,"column":42},"end":{"line":75,"column":1}},"line":67},"1":{"name":"(anonymous_1)","decl":{"start":{"line":74,"column":25},"end":{"line":74,"column":26}},"loc":{"start":{"line":74,"column":39},"end":{"line":74,"column":53}},"line":74},"2":{"name":"(anonymous_2)","decl":{"start":{"line":77,"column":32},"end":{"line":77,"column":33}},"loc":{"start":{"line":77,"column":65},"end":{"line":89,"column":1}},"line":77},"3":{"name":"(anonymous_3)","decl":{"start":{"line":80,"column":39},"end":{"line":80,"column":40}},"loc":{"start":{"line":80,"column":65},"end":{"line":83,"column":5}},"line":80},"4":{"name":"(anonymous_4)","decl":{"start":{"line":85,"column":29},"end":{"line":85,"column":30}},"loc":{"start":{"line":85,"column":58},"end":{"line":88,"column":5}},"line":85},"5":{"name":"(anonymous_5)","decl":{"start":{"line":86,"column":46},"end":{"line":86,"column":47}},"loc":{"start":{"line":86,"column":56},"end":{"line":86,"column":78}},"line":86},"6":{"name":"(anonymous_6)","decl":{"start":{"line":97,"column":15},"end":{"line":97,"column":16}},"loc":{"start":{"line":97,"column":26},"end":{"line":119,"column":1}},"line":97},"7":{"name":"(anonymous_7)","decl":{"start":{"line":97,"column":26},"end":{"line":97,"column":27}},"loc":{"start":{"line":97,"column":50},"end":{"line":119,"column":1}},"line":97},"8":{"name":"(anonymous_8)","decl":{"start":{"line":97,"column":50},"end":{"line":97,"column":51}},"loc":{"start":{"line":97,"column":78},"end":{"line":119,"column":1}},"line":97},"9":{"name":"(anonymous_9)","decl":{"start":{"line":103,"column":26},"end":{"line":103,"column":27}},"loc":{"start":{"line":103,"column":44},"end":{"line":106,"column":9}},"line":103},"10":{"name":"(anonymous_10)","decl":{"start":{"line":112,"column":31},"end":{"line":112,"column":32}},"loc":{"start":{"line":112,"column":39},"end":{"line":116,"column":5}},"line":112}},"branchMap":{},"s":{"0":1,"1":15,"2":15,"3":15,"4":15,"5":36,"6":15,"7":87,"8":1,"9":5,"10":5,"11":15,"12":15,"13":5,"14":15,"15":36,"16":15,"17":8,"18":8,"19":5,"20":5,"21":15,"22":15,"23":5,"24":5,"25":15,"26":5},"f":{"0":15,"1":87,"2":5,"3":15,"4":15,"5":36,"6":8,"7":8,"8":5,"9":15,"10":15},"b":{},"_coverageSchema":"43e27e138ebf9cfc5966b082cf9a028302ed4184","hash":"0dbd17f7d6bf8f5506eaf883d06e839323c5cb33"}
}
