TN:
SF:/mnt/c/dev/abharvey/styled-breakpoints/breakpoints.js
FN:25,(anonymous_0)
FN:41,(anonymous_1)
FN:41,(anonymous_2)
FN:41,(anonymous_3)
FN:47,(anonymous_4)
FN:47,(anonymous_5)
FN:47,(anonymous_6)
FNF:7
FNH:7
FNDA:4,(anonymous_0)
FNDA:20,(anonymous_1)
FNDA:20,(anonymous_2)
FNDA:4,(anonymous_3)
FNDA:5,(anonymous_4)
FNDA:5,(anonymous_5)
FNDA:20,(anonymous_6)
DA:25,1
DA:26,4
DA:27,1
DA:30,3
DA:31,1
DA:34,2
DA:35,1
DA:38,1
DA:41,20
DA:47,5
DA:48,20
DA:49,20
LF:12
LH:12
BRDA:26,0,0,1
BRDA:26,0,1,3
BRDA:26,1,0,4
BRDA:26,1,1,2
BRDA:30,2,0,1
BRDA:30,2,1,2
BRDA:34,3,0,1
BRDA:34,3,1,1
BRF:8
BRH:8
end_of_record
