TN:
SF:/Users/aharvey@prontoforms.com/dev/aharvey/theme-responsively/src/breakpoints.js
FN:24,(anonymous_0)
FN:40,(anonymous_1)
FN:40,(anonymous_2)
FN:40,(anonymous_3)
FN:46,(anonymous_4)
FN:46,(anonymous_5)
FN:47,(anonymous_6)
FNF:7
FNH:7
FNDA:19,(anonymous_0)
FNDA:35,(anonymous_1)
FNDA:35,(anonymous_2)
FNDA:19,(anonymous_3)
FNDA:10,(anonymous_4)
FNDA:10,(anonymous_5)
FNDA:35,(anonymous_6)
DA:24,2
DA:25,19
DA:26,6
DA:29,13
DA:30,6
DA:33,7
DA:34,6
DA:37,1
DA:40,35
DA:46,10
DA:47,10
DA:48,35
DA:49,35
LF:13
LH:13
BRDA:25,0,0,6
BRDA:25,0,1,13
BRDA:25,1,0,19
BRDA:25,1,1,12
BRDA:29,2,0,6
BRDA:29,2,1,7
BRDA:33,3,0,6
BRDA:33,3,1,1
BRF:8
BRH:8
end_of_record
TN:
SF:/Users/aharvey@prontoforms.com/dev/aharvey/theme-responsively/src/themedQuery.js
FN:67,(anonymous_0)
FN:74,(anonymous_1)
FN:77,(anonymous_2)
FN:80,(anonymous_3)
FN:85,(anonymous_4)
FN:86,(anonymous_5)
FN:97,(anonymous_6)
FN:97,(anonymous_7)
FN:97,(anonymous_8)
FN:103,(anonymous_9)
FN:112,(anonymous_10)
FNF:11
FNH:11
FNDA:15,(anonymous_0)
FNDA:87,(anonymous_1)
FNDA:5,(anonymous_2)
FNDA:15,(anonymous_3)
FNDA:15,(anonymous_4)
FNDA:36,(anonymous_5)
FNDA:8,(anonymous_6)
FNDA:8,(anonymous_7)
FNDA:5,(anonymous_8)
FNDA:15,(anonymous_9)
FNDA:15,(anonymous_10)
DA:67,1
DA:68,15
DA:70,15
DA:71,36
DA:74,87
DA:77,1
DA:78,5
DA:80,5
DA:81,15
DA:82,15
DA:85,5
DA:86,36
DA:87,15
DA:97,8
DA:100,5
DA:102,5
DA:104,15
DA:105,15
DA:110,5
DA:112,5
DA:113,15
DA:118,5
LF:22
LH:22
BRF:0
BRH:0
end_of_record
